{"level":"info","message":"Server is listening on port 3000","timestamp":"2021-06-16T10:02:46.187Z"}
{"level":"info","message":"Server is listening on port 3000","timestamp":"2021-06-16T10:03:17.670Z"}
{"level":"info","message":"Server is listening on port 3000","timestamp":"2021-06-16T10:10:58.226Z"}
{"level":"info","message":"Server is listening on port 3000","timestamp":"2021-06-16T10:16:20.981Z"}
{"level":"info","message":"Server is listening on port 3000","timestamp":"2021-06-16T10:16:44.463Z"}
{"level":"info","message":"Server is listening on port 3000","timestamp":"2021-06-16T10:17:14.008Z"}
{"level":"info","message":"Server is listening on port 3000","timestamp":"2021-06-16T10:18:57.757Z"}
{"level":"info","message":"Server is listening on port 3000","timestamp":"2021-06-16T10:22:15.784Z"}
{"level":"info","message":"Server is listening on port 3000","timestamp":"2021-06-16T10:25:02.337Z"}
{"level":"info","message":"Server is listening on port 3000","timestamp":"2021-06-16T10:31:34.266Z"}
{"level":"info","message":"Server is listening on port 3000","timestamp":"2021-06-16T10:32:42.294Z"}
{"level":"info","message":"Server is listening on port 3000","timestamp":"2021-06-16T10:33:04.248Z"}
{"level":"info","message":"Server is listening on port 3000","timestamp":"2021-06-16T10:37:02.681Z"}
{"level":"info","message":"Server is listening on port 3000","timestamp":"2021-06-16T10:38:13.076Z"}
{"level":"info","message":"Server is listening on port 3000","timestamp":"2021-06-16T10:40:23.358Z"}
{"level":"info","message":"Server is listening on port 3000","timestamp":"2021-06-16T10:42:27.022Z"}
{"level":"info","message":"Server is listening on port 3000","timestamp":"2021-06-16T10:43:14.809Z"}
{"level":"info","message":"Server is listening on port 3000","timestamp":"2021-06-16T10:47:33.546Z"}
{"level":"info","message":"Server is listening on port 3000","timestamp":"2021-06-16T10:48:03.376Z"}
{"level":"info","message":"Server is listening on port 3000","timestamp":"2021-06-16T10:48:41.941Z"}
{"level":"info","message":"Server is listening on port 3000","timestamp":"2021-06-16T10:53:28.906Z"}
{"level":"info","message":"Server is listening on port 3000","timestamp":"2021-06-16T11:03:23.755Z"}
{"level":"info","message":"Server is listening on port 3000","timestamp":"2021-06-16T11:04:49.147Z"}
{"level":"info","message":"Server is listening on port 3000","timestamp":"2021-06-16T11:06:33.813Z"}
{"level":"info","message":"Server is listening on port 3000","timestamp":"2021-06-16T11:11:42.791Z"}
{"level":"info","message":"Server is listening on port 3000","timestamp":"2021-06-16T11:14:38.806Z"}
{"level":"info","message":"Server is listening on port 3000","timestamp":"2021-06-16T11:20:09.493Z"}
{"level":"info","message":"Server is listening on port 3000","timestamp":"2021-06-16T11:37:08.240Z"}
{"level":"info","message":"Server is listening on port 3000","timestamp":"2021-06-16T11:39:24.463Z"}
{"level":"info","message":"Server is listening on port 3000","timestamp":"2021-06-16T11:41:06.144Z"}
{"level":"info","message":"Server is listening on port 3000","timestamp":"2021-06-16T11:41:27.262Z"}
{"level":"info","message":"Server is listening on port 3000","timestamp":"2021-06-16T11:41:49.474Z"}
{"level":"info","message":"Server is listening on port 3000","timestamp":"2021-06-16T11:42:03.785Z"}
{"level":"info","message":"Server is listening on port 3000","timestamp":"2021-06-16T11:42:35.863Z"}
{"level":"info","message":"Server is listening on port 3000","timestamp":"2021-06-16T11:44:28.866Z"}
{"level":"info","message":"Server is listening on port 3000","timestamp":"2021-06-16T11:46:25.881Z"}
{"level":"info","message":"Server is listening on port 3000","timestamp":"2021-06-16T11:47:20.065Z"}
{"level":"info","message":"Server is listening on port 3000","timestamp":"2021-06-16T11:48:37.797Z"}
{"level":"info","message":"Server is listening on port 3000","timestamp":"2021-06-16T11:50:18.553Z"}
{"level":"info","message":"Server is listening on port 3000","timestamp":"2021-06-16T14:52:35.935Z"}
{"level":"info","message":"Server is listening on port 3000","timestamp":"2021-06-16T15:01:26.017Z"}
{"level":"info","message":"Server is listening on port 3000","timestamp":"2021-06-16T15:02:36.428Z"}
{"level":"info","message":"Server is listening on port 3000","timestamp":"2021-06-16T15:12:17.683Z"}
{"level":"info","message":"Server is listening on port 3000","timestamp":"2021-06-16T15:14:10.972Z"}
{"level":"info","message":"Server is listening on port 3000","timestamp":"2021-06-16T15:14:19.731Z"}
{"level":"info","message":"Server is listening on port 3000","timestamp":"2021-06-16T15:14:58.800Z"}
{"level":"info","message":"Server is listening on port 3000","timestamp":"2021-06-16T15:15:28.513Z"}
{"level":"info","message":"Server is listening on port 3000","timestamp":"2021-06-16T15:16:22.724Z"}
{"level":"info","message":"Server is listening on port 3000","timestamp":"2021-06-16T15:17:27.989Z"}
{"level":"info","message":"Server is listening on port 3000","timestamp":"2021-06-16T15:17:41.012Z"}
{"level":"info","message":"Server is listening on port 3000","timestamp":"2021-06-16T15:20:41.701Z"}
{"level":"info","message":"Server is listening on port 3000","timestamp":"2021-06-16T15:22:06.982Z"}
{"level":"info","message":"Server is listening on port 3000","timestamp":"2021-06-16T15:23:21.013Z"}
{"level":"info","message":"Server is listening on port 3000","timestamp":"2021-06-16T15:24:10.315Z"}
{"level":"info","message":"Server is listening on port 3000","timestamp":"2021-06-16T15:24:34.238Z"}
{"level":"info","message":"Server is listening on port 3000","timestamp":"2021-06-16T15:27:18.433Z"}
{"level":"info","message":"Server is listening on port 3000","timestamp":"2021-06-16T15:28:35.801Z"}
{"level":"info","message":"Server is listening on port 3000","timestamp":"2021-06-16T15:30:02.908Z"}
{"level":"info","message":"Server is listening on port 3000","timestamp":"2021-06-17T04:19:52.223Z"}
{"level":"info","message":"Server is listening on port 3000","timestamp":"2021-06-17T04:21:47.459Z"}
{"level":"info","message":"Server is listening on port 3000","timestamp":"2021-06-17T04:23:05.320Z"}
{"level":"info","message":"Server is listening on port 3000","timestamp":"2021-06-17T09:29:26.642Z"}
{"level":"info","message":"Server is listening on port 3000","timestamp":"2021-06-17T09:32:04.229Z"}
{"level":"info","message":"Server is listening on port 3000","timestamp":"2021-06-17T09:33:28.618Z"}
{"accepted":["www.gautam971997@gmail.com"],"rejected":[],"envelopeTime":1013,"messageTime":1125,"messageSize":826,"response":"250 2.0.0 OK  1623922427 a66sm4862091pfb.162 - gsmtp","envelope":{"from":"www.gautam971997@gmail.com","to":["www.gautam971997@gmail.com"]},"messageId":"<50e128cf-5a3c-80f7-887d-62807bffb69b@gmail.com>","level":"info","timestamp":"2021-06-17T09:33:44.082Z"}
{"accepted":["www.gautam971997@gmail.com"],"rejected":[],"envelopeTime":1016,"messageTime":1026,"messageSize":846,"response":"250 2.0.0 OK  1623922616 o34sm1515110pgm.6 - gsmtp","envelope":{"from":"www.gautam971997@gmail.com","to":["www.gautam971997@gmail.com"]},"messageId":"<90a7c39a-9f26-3c1a-6fa2-501a05bfe1c9@gmail.com>","level":"info","timestamp":"2021-06-17T09:36:52.300Z"}
{"level":"info","message":"Server is listening on port 3000","timestamp":"2021-06-17T09:37:18.273Z"}
{"level":"info","message":"Server is listening on port 3000","timestamp":"2021-06-17T09:46:05.748Z"}
{"level":"info","message":"Server is listening on port 3000","timestamp":"2021-06-17T09:46:33.672Z"}
{"level":"info","message":"Server is listening on port 3000","timestamp":"2021-06-17T09:46:58.707Z"}
{"level":"info","message":"Server is listening on port 3000","timestamp":"2021-06-17T09:47:48.176Z"}
{"level":"info","message":"Server is listening on port 3000","timestamp":"2021-06-17T09:49:16.067Z"}
{"level":"info","message":"Server is listening on port 3000","timestamp":"2021-06-17T09:51:51.107Z"}
{"level":"info","message":"Server is listening on port 3000","timestamp":"2021-06-17T10:01:49.919Z"}
{"level":"info","message":"Server is listening on port 3000","timestamp":"2021-06-17T10:03:24.724Z"}
{"level":"info","message":"Server is listening on port 3000","timestamp":"2021-06-17T10:03:29.828Z"}
{"level":"info","message":"Server is listening on port 3000","timestamp":"2021-06-17T10:05:05.222Z"}
{"level":"info","message":"Server is listening on port 3000","timestamp":"2021-06-17T10:06:00.159Z"}
{"level":"info","message":"Server is listening on port 3000","timestamp":"2021-06-17T10:07:57.022Z"}
{"level":"info","message":"Server is listening on port 3000","timestamp":"2021-06-17T10:08:09.331Z"}
{"level":"info","message":"Server is listening on port 3000","timestamp":"2021-06-17T10:08:50.773Z"}
{"level":"info","message":"Server is listening on port 3000","timestamp":"2021-06-17T10:11:19.197Z"}
{"level":"info","message":"Server is listening on port 3000","timestamp":"2021-06-17T10:12:54.934Z"}
{"level":"info","message":"Server is listening on port 3000","timestamp":"2021-06-17T10:14:06.921Z"}
{"level":"info","message":"Server is listening on port 3000","timestamp":"2021-06-17T10:14:44.657Z"}
{"level":"info","message":"Server is listening on port 3000","timestamp":"2021-06-17T10:16:12.494Z"}
{"level":"info","message":"Server is listening on port 3000","timestamp":"2021-06-17T10:18:24.536Z"}
{"level":"info","message":"Server is listening on port 3000","timestamp":"2021-06-17T10:20:18.027Z"}
{"level":"info","message":"Server is listening on port 3000","timestamp":"2021-06-17T10:21:13.424Z"}
{"level":"info","message":"Server is listening on port 3000","timestamp":"2021-06-17T10:21:34.715Z"}
{"level":"info","message":"Server is listening on port 3000","timestamp":"2021-06-17T10:22:32.554Z"}
{"level":"info","message":"Server is listening on port 3000","timestamp":"2021-06-17T10:23:18.579Z"}
{"level":"info","message":"Server is listening on port 3000","timestamp":"2021-06-17T10:24:00.431Z"}
{"level":"info","message":"Server is listening on port 3000","timestamp":"2021-06-17T10:25:35.501Z"}
{"level":"info","message":"Server is listening on port 3000","timestamp":"2021-06-17T10:28:08.725Z"}
{"accepted":["www.gautam971997@gmail.com"],"rejected":[],"envelopeTime":1378,"messageTime":1125,"messageSize":846,"response":"250 2.0.0 OK  1623925724 r14sm4438921pgm.28 - gsmtp","envelope":{"from":"www.gautam971997@gmail.com","to":["www.gautam971997@gmail.com"]},"messageId":"<e74522c5-3ba2-b2a8-78bb-5270223d48c8@gmail.com>","level":"info","timestamp":"2021-06-17T10:28:40.534Z"}
{"level":"info","message":"Server is listening on port 3000","timestamp":"2021-06-17T10:30:14.833Z"}
{"level":"info","message":"Server is listening on port 3000","timestamp":"2021-06-17T10:32:02.817Z"}
{"level":"info","message":"Server is listening on port 3000","timestamp":"2021-06-17T10:43:07.852Z"}
{"level":"info","message":"Server is listening on port 3000","timestamp":"2021-06-17T10:47:24.586Z"}
{"level":"info","message":"Server is listening on port 3000","timestamp":"2021-06-17T10:47:40.578Z"}
{"level":"info","message":"Server is listening on port 3000","timestamp":"2021-06-17T10:47:51.591Z"}
{"level":"info","message":"Server is listening on port 3000","timestamp":"2021-06-17T11:37:51.146Z"}
{"level":"info","message":"Server is listening on port 3000","timestamp":"2021-06-17T11:43:49.992Z"}
{"level":"info","message":"Server is listening on port 3000","timestamp":"2021-06-17T11:44:00.923Z"}
{"level":"info","message":"Server is listening on port 3000","timestamp":"2021-06-17T12:22:37.674Z"}
{"level":"info","message":"Server is listening on port 3000","timestamp":"2021-06-17T12:22:40.732Z"}
{"level":"info","message":"Server is listening on port 3000","timestamp":"2021-06-17T12:24:13.847Z"}
{"level":"info","message":"Server is listening on port 3000","timestamp":"2021-06-17T12:26:08.763Z"}
{"level":"info","message":"Server is listening on port 3000","timestamp":"2021-06-17T12:28:22.199Z"}
{"level":"info","message":"Server is listening on port 3000","timestamp":"2021-06-17T12:29:04.968Z"}
{"level":"info","message":"Server is listening on port 3000","timestamp":"2021-06-17T12:31:02.703Z"}
{"level":"info","message":"Server is listening on port 3000","timestamp":"2021-06-17T12:31:12.707Z"}
{"level":"info","message":"Server is listening on port 3000","timestamp":"2021-06-17T12:32:29.578Z"}
{"level":"info","message":"Server is listening on port 3000","timestamp":"2021-06-17T12:43:51.313Z"}
{"level":"info","message":"Server is listening on port 3000","timestamp":"2021-06-17T12:45:59.024Z"}
{"level":"info","message":"Server is listening on port 3000","timestamp":"2021-06-17T12:47:49.054Z"}
{"level":"info","message":"Server is listening on port 3000","timestamp":"2021-06-17T12:49:10.816Z"}
{"level":"info","message":"Server is listening on port 3000","timestamp":"2021-06-17T12:50:19.163Z"}
{"level":"info","message":"Server is listening on port 3000","timestamp":"2021-06-17T12:56:03.012Z"}
{"level":"info","message":"Server is listening on port 3000","timestamp":"2021-06-17T12:56:31.671Z"}
{"level":"info","message":"Server is listening on port 3000","timestamp":"2021-06-17T13:02:36.209Z"}
{"level":"info","message":"Server is listening on port 3000","timestamp":"2021-06-17T13:03:05.513Z"}
{"level":"info","message":"Server is listening on port 3000","timestamp":"2021-06-17T13:03:10.792Z"}
{"level":"info","message":"Server is listening on port 3000","timestamp":"2021-06-17T13:04:56.870Z"}
{"level":"info","message":"Server is listening on port 3000","timestamp":"2021-06-17T13:06:25.080Z"}
{"level":"info","message":"Server is listening on port 3000","timestamp":"2021-06-17T13:09:22.640Z"}
{"level":"info","message":"Server is listening on port 3000","timestamp":"2021-06-17T13:10:47.754Z"}
{"level":"info","message":"Server is listening on port 3000","timestamp":"2021-06-17T15:11:35.072Z"}
{"level":"info","message":"Server is listening on port 3000","timestamp":"2021-06-17T15:25:58.941Z"}
{"level":"info","message":"Server is listening on port 3000","timestamp":"2021-06-17T15:26:53.464Z"}
{"level":"info","message":"Server is listening on port 3000","timestamp":"2021-06-17T15:30:05.583Z"}
{"level":"info","message":"Server is listening on port 3000","timestamp":"2021-06-17T16:11:30.721Z"}
{"level":"info","message":"Server is listening on port 3000","timestamp":"2021-06-17T16:16:52.546Z"}
{"level":"info","message":"Server is listening on port 3000","timestamp":"2021-06-17T16:17:15.503Z"}
{"level":"info","message":"Server is listening on port 3000","timestamp":"2021-06-17T16:18:09.324Z"}
{"level":"info","message":"Server is listening on port 3000","timestamp":"2021-06-17T16:21:26.407Z"}
{"level":"info","message":"Server is listening on port 3000","timestamp":"2021-06-17T16:21:43.512Z"}
{"level":"info","message":"Server is listening on port 3000","timestamp":"2021-06-17T16:23:20.740Z"}
{"level":"info","message":"Server is listening on port 3000","timestamp":"2021-06-17T16:47:38.155Z"}
{"level":"info","message":"Server is listening on port 3000","timestamp":"2021-06-17T16:49:08.513Z"}
{"level":"info","message":"Server is listening on port 3000","timestamp":"2021-06-17T16:50:10.774Z"}
{"level":"info","message":"Server is listening on port 3000","timestamp":"2021-06-17T16:52:34.692Z"}
{"level":"info","message":"Server is listening on port 3000","timestamp":"2021-06-17T16:55:03.652Z"}
{"level":"info","message":"Server is listening on port 3000","timestamp":"2021-06-17T16:55:14.373Z"}
{"level":"info","message":"Server is listening on port 3000","timestamp":"2021-06-17T16:57:47.984Z"}
{"level":"info","message":"Server is listening on port 3000","timestamp":"2021-06-18T04:15:13.884Z"}
{"level":"info","message":"Server is listening on port 3000","timestamp":"2021-06-18T04:18:11.944Z"}
{"level":"info","message":"Server is listening on port 3000","timestamp":"2021-06-18T04:22:48.055Z"}
{"level":"info","message":"Server is listening on port 3000","timestamp":"2021-06-18T04:27:30.637Z"}
{"level":"info","message":"Server is listening on port 3000","timestamp":"2021-06-18T08:57:50.850Z"}
{"level":"info","message":"Server is listening on port 3000","timestamp":"2021-06-18T09:05:11.026Z"}
{"level":"info","message":"Server is listening on port 3000","timestamp":"2021-06-18T09:05:31.108Z"}
{"level":"info","message":"Server is listening on port 3000","timestamp":"2021-06-18T09:06:12.388Z"}
{"level":"info","message":"Server is listening on port 3000","timestamp":"2021-06-18T09:06:57.674Z"}
{"level":"info","message":"Server is listening on port 3000","timestamp":"2021-06-18T09:08:09.620Z"}
{"level":"info","message":"Server is listening on port 3000","timestamp":"2021-06-18T09:09:03.410Z"}
{"level":"info","message":"Server is listening on port 3000","timestamp":"2021-06-18T09:11:15.867Z"}
{"level":"info","message":"Server is listening on port 3000","timestamp":"2021-06-18T09:11:39.937Z"}
{"level":"info","message":"Server is listening on port 3000","timestamp":"2021-06-18T09:14:24.538Z"}
{"level":"info","message":"Server is listening on port 3000","timestamp":"2021-06-18T09:15:59.923Z"}
{"level":"info","message":"Server is listening on port 3000","timestamp":"2021-06-18T09:16:26.978Z"}
{"level":"info","message":"Server is listening on port 3000","timestamp":"2021-06-18T09:16:59.047Z"}
{"level":"info","message":"Server is listening on port 3000","timestamp":"2021-06-18T09:18:57.379Z"}
{"level":"info","message":"Server is listening on port 3000","timestamp":"2021-06-18T09:21:24.670Z"}
{"level":"info","message":"Server is listening on port 3000","timestamp":"2021-06-18T09:21:34.141Z"}
{"level":"info","message":"Server is listening on port 3000","timestamp":"2021-06-18T09:23:53.583Z"}
{"level":"info","message":"Server is listening on port 3000","timestamp":"2021-06-18T09:24:18.845Z"}
{"level":"info","message":"Server is listening on port 3000","timestamp":"2021-06-18T09:25:36.212Z"}
{"level":"info","message":"Server is listening on port 3000","timestamp":"2021-06-18T09:26:15.282Z"}
{"level":"info","message":"Server is listening on port 3000","timestamp":"2021-06-18T09:27:48.561Z"}
{"level":"info","message":"Server is listening on port 3000","timestamp":"2021-06-18T09:29:55.846Z"}
{"level":"info","message":"Server is listening on port 3000","timestamp":"2021-06-18T09:30:13.583Z"}
{"level":"info","message":"Server is listening on port 3000","timestamp":"2021-06-18T09:32:52.314Z"}
{"level":"info","message":"Server is listening on port 3000","timestamp":"2021-06-18T09:33:26.316Z"}
{"level":"info","message":"Server is listening on port 3000","timestamp":"2021-06-18T09:38:05.982Z"}
{"level":"info","message":"Server is listening on port 3000","timestamp":"2021-06-18T09:38:43.292Z"}
{"level":"info","message":"Server is listening on port 3000","timestamp":"2021-06-18T09:40:08.881Z"}
{"level":"info","message":"Server is listening on port 3000","timestamp":"2021-06-18T09:41:27.105Z"}
{"level":"info","message":"Server is listening on port 3000","timestamp":"2021-06-18T09:43:26.507Z"}
{"level":"info","message":"Server is listening on port 3000","timestamp":"2021-06-18T09:44:10.993Z"}
{"level":"info","message":"Server is listening on port 3000","timestamp":"2021-06-18T09:45:03.346Z"}
{"level":"info","message":"Server is listening on port 3000","timestamp":"2021-06-18T09:45:46.570Z"}
{"level":"info","message":"Server is listening on port 3000","timestamp":"2021-06-18T09:46:25.422Z"}
{"level":"info","message":"Server is listening on port 3000","timestamp":"2021-06-18T09:47:39.146Z"}
{"level":"info","message":"Server is listening on port 3000","timestamp":"2021-06-18T09:48:37.049Z"}
{"level":"info","message":"Server is listening on port 3000","timestamp":"2021-06-18T09:49:10.576Z"}
{"level":"info","message":"Server is listening on port 3000","timestamp":"2021-06-18T09:50:15.636Z"}
{"level":"info","message":"Server is listening on port 3000","timestamp":"2021-06-18T09:50:27.657Z"}
{"level":"info","message":"Server is listening on port 3000","timestamp":"2021-06-18T09:51:40.853Z"}
{"level":"info","message":"Server is listening on port 3000","timestamp":"2021-06-18T09:54:11.124Z"}
{"level":"info","message":"Server is listening on port 3000","timestamp":"2021-06-18T09:54:37.994Z"}
{"level":"info","message":"Server is listening on port 3000","timestamp":"2021-06-18T09:55:14.499Z"}
{"level":"info","message":"Server is listening on port 3000","timestamp":"2021-06-18T09:58:18.760Z"}
{"level":"info","message":"Server is listening on port 3000","timestamp":"2021-06-18T09:58:58.227Z"}
{"level":"info","message":"Server is listening on port 3000","timestamp":"2021-06-18T10:02:30.693Z"}
{"level":"info","message":"Server is listening on port 3000","timestamp":"2021-06-18T10:05:11.734Z"}
{"level":"info","message":"Server is listening on port 3000","timestamp":"2021-06-18T10:05:45.675Z"}
{"level":"info","message":"Server is listening on port 3000","timestamp":"2021-06-18T10:07:12.041Z"}
{"level":"info","message":"Server is listening on port 3000","timestamp":"2021-06-18T10:07:30.237Z"}
{"level":"info","message":"Server is listening on port 3000","timestamp":"2021-06-18T10:07:42.165Z"}
{"level":"info","message":"Server is listening on port 3000","timestamp":"2021-06-18T10:11:39.177Z"}
{"level":"info","message":"Server is listening on port 3000","timestamp":"2021-06-18T10:14:07.583Z"}
{"level":"info","message":"Server is listening on port 3000","timestamp":"2021-06-18T10:16:08.386Z"}
{"level":"info","message":"Server is listening on port 3000","timestamp":"2021-06-18T10:18:17.206Z"}
{"level":"info","message":"Server is listening on port 3000","timestamp":"2021-06-18T10:29:01.717Z"}
{"level":"info","message":"Server is listening on port 3000","timestamp":"2021-06-18T10:29:59.001Z"}
{"level":"info","message":"Server is listening on port 3000","timestamp":"2021-06-18T10:30:52.800Z"}
{"level":"info","message":"Server is listening on port 3000","timestamp":"2021-06-18T10:33:31.279Z"}
{"level":"info","message":"Server is listening on port 3000","timestamp":"2021-06-18T10:34:15.325Z"}
{"level":"info","message":"Server is listening on port 3000","timestamp":"2021-06-18T10:34:46.864Z"}
{"level":"info","message":"Server is listening on port 3000","timestamp":"2021-06-18T10:37:00.798Z"}
{"level":"info","message":"Server is listening on port 3000","timestamp":"2021-06-18T10:37:46.274Z"}
{"level":"info","message":"Server is listening on port 3000","timestamp":"2021-06-18T10:38:17.847Z"}
{"level":"info","message":"Server is listening on port 3000","timestamp":"2021-06-18T10:38:43.309Z"}
{"level":"info","message":"Server is listening on port 3000","timestamp":"2021-06-18T10:47:03.417Z"}
{"level":"info","message":"Server is listening on port 3000","timestamp":"2021-06-18T10:47:50.230Z"}
{"level":"info","message":"Server is listening on port 3000","timestamp":"2021-06-18T10:48:37.167Z"}
{"level":"info","message":"Server is listening on port 3000","timestamp":"2021-06-18T10:49:58.943Z"}
{"level":"info","message":"Server is listening on port 3000","timestamp":"2021-06-18T10:51:19.323Z"}
{"level":"info","message":"Server is listening on port 3000","timestamp":"2021-06-18T10:53:52.221Z"}
{"level":"info","message":"Server is listening on port 3000","timestamp":"2021-06-18T10:55:28.143Z"}
{"level":"info","message":"Server is listening on port 3000","timestamp":"2021-06-18T10:56:38.892Z"}
{"level":"info","message":"Server is listening on port 3000","timestamp":"2021-06-18T10:58:12.333Z"}
{"level":"info","message":"Server is listening on port 3000","timestamp":"2021-06-18T10:58:58.769Z"}
{"level":"info","message":"Server is listening on port 3000","timestamp":"2021-06-18T11:00:17.993Z"}
{"level":"info","message":"Server is listening on port 3000","timestamp":"2021-06-18T11:01:31.635Z"}
{"level":"info","message":"Server is listening on port 3000","timestamp":"2021-06-18T11:02:59.819Z"}
{"level":"info","message":"Server is listening on port 3000","timestamp":"2021-06-18T11:04:06.711Z"}
{"level":"info","message":"Server is listening on port 3000","timestamp":"2021-06-18T11:06:26.639Z"}
{"level":"info","message":"Server is listening on port 3000","timestamp":"2021-06-18T11:07:44.406Z"}
{"level":"info","message":"Server is listening on port 3000","timestamp":"2021-06-18T11:08:10.375Z"}
{"level":"info","message":"Server is listening on port 3000","timestamp":"2021-06-18T11:10:25.233Z"}
{"level":"info","message":"Server is listening on port 3000","timestamp":"2021-06-18T11:10:59.252Z"}
{"level":"info","message":"Server is listening on port 3000","timestamp":"2021-06-18T11:18:00.947Z"}
{"level":"info","message":"Server is listening on port 3000","timestamp":"2021-06-18T11:19:23.759Z"}
{"accepted":["www.gautam971997@gmail.com"],"rejected":[],"envelopeTime":912,"messageTime":1641,"messageSize":846,"response":"250 2.0.0 OK  1624015169 y6sm7521874pjr.48 - gsmtp","envelope":{"from":"www.gautam971997@gmail.com","to":["www.gautam971997@gmail.com"]},"messageId":"<9f0ba54c-ffdc-92bf-484f-0b2c063ef3f9@gmail.com>","level":"info","timestamp":"2021-06-18T11:19:28.366Z"}
{"level":"info","message":"Server is listening on port 3000","timestamp":"2021-06-18T11:29:30.381Z"}
{"level":"info","message":"Server is listening on port 3000","timestamp":"2021-06-18T11:30:14.366Z"}
{"level":"info","message":"Server is listening on port 3000","timestamp":"2021-06-18T11:36:39.408Z"}
{"level":"info","message":"Server is listening on port 3000","timestamp":"2021-06-18T11:38:13.888Z"}
{"level":"info","message":"Server is listening on port 3000","timestamp":"2021-06-18T11:38:34.306Z"}
{"level":"info","message":"Server is listening on port 3000","timestamp":"2021-06-18T11:39:00.022Z"}
{"level":"info","message":"Server is listening on port 3000","timestamp":"2021-06-18T11:41:33.835Z"}
{"level":"info","message":"Server is listening on port 3000","timestamp":"2021-06-18T11:42:19.677Z"}
{"level":"info","message":"Server is listening on port 3000","timestamp":"2021-06-18T11:42:43.331Z"}
{"level":"info","message":"Server is listening on port 3000","timestamp":"2021-06-18T11:43:46.960Z"}
{"level":"info","message":"Server is listening on port 3000","timestamp":"2021-06-18T11:44:29.434Z"}
{"level":"info","message":"Server is listening on port 3000","timestamp":"2021-06-18T11:44:56.526Z"}
{"accepted":["www.gautam971997@gmail.com"],"rejected":[],"envelopeTime":996,"messageTime":919,"messageSize":846,"response":"250 2.0.0 OK  1624016745 s13sm8936330pgi.36 - gsmtp","envelope":{"from":"www.gautam971997@gmail.com","to":["www.gautam971997@gmail.com"]},"messageId":"<87242c5f-9b57-0488-a5b2-20df9c0463ef@gmail.com>","level":"info","timestamp":"2021-06-18T11:45:44.589Z"}
{"level":"info","message":"Server is listening on port 3000","timestamp":"2021-06-18T11:48:26.349Z"}
{"level":"info","message":"Server is listening on port 3000","timestamp":"2021-06-18T11:48:38.241Z"}
{"level":"info","message":"Server is listening on port 3000","timestamp":"2021-06-18T11:50:22.741Z"}
{"level":"info","message":"Server is listening on port 3000","timestamp":"2021-06-18T11:51:47.008Z"}
{"level":"info","message":"Server is listening on port 3000","timestamp":"2021-06-18T11:53:11.218Z"}
{"accepted":["www.gautam971997@gmail.com"],"rejected":[],"envelopeTime":958,"messageTime":840,"messageSize":846,"response":"250 2.0.0 OK  1624017195 t13sm7984631pfh.97 - gsmtp","envelope":{"from":"www.gautam971997@gmail.com","to":["www.gautam971997@gmail.com"]},"messageId":"<be196a1d-7bb1-2926-71d2-ab449405bdcf@gmail.com>","level":"info","timestamp":"2021-06-18T11:53:15.028Z"}
{"level":"info","message":"Server is listening on port 3000","timestamp":"2021-06-18T11:54:17.779Z"}
{"level":"info","message":"Server is listening on port 3000","timestamp":"2021-06-18T11:56:26.824Z"}
{"level":"info","message":"Server is listening on port 3000","timestamp":"2021-06-18T16:54:58.553Z"}
{"level":"info","message":"Server is listening on port 3000","timestamp":"2021-06-18T16:56:15.530Z"}
{"level":"info","message":"Server is listening on port 3000","timestamp":"2021-06-18T16:57:04.933Z"}
{"level":"info","message":"Server is listening on port 3000","timestamp":"2021-06-18T16:57:55.722Z"}
{"level":"info","message":"Server is listening on port 3000","timestamp":"2021-06-18T16:59:10.958Z"}
{"level":"info","message":"Server is listening on port 3000","timestamp":"2021-06-18T16:59:51.724Z"}
{"level":"info","message":"Server is listening on port 3000","timestamp":"2021-06-18T17:00:42.433Z"}
{"level":"info","message":"Server is listening on port 3000","timestamp":"2021-06-18T17:01:26.146Z"}
{"level":"info","message":"Server is listening on port 3000","timestamp":"2021-06-18T17:02:46.763Z"}
{"level":"info","message":"Server is listening on port 3000","timestamp":"2021-06-18T17:03:15.095Z"}
{"level":"info","message":"Server is listening on port 3000","timestamp":"2021-06-18T17:03:59.343Z"}
{"level":"info","message":"Server is listening on port 3000","timestamp":"2021-06-18T17:04:46.750Z"}
{"level":"info","message":"Server is listening on port 3000","timestamp":"2021-06-18T17:06:07.034Z"}
{"level":"info","message":"Server is listening on port 3000","timestamp":"2021-06-18T17:06:49.885Z"}
{"level":"info","message":"Server is listening on port 3000","timestamp":"2021-06-18T17:07:32.489Z"}
{"level":"info","message":"Server is listening on port 3000","timestamp":"2021-06-18T17:09:38.779Z"}
{"level":"info","message":"Server is listening on port 3000","timestamp":"2021-06-18T17:13:04.065Z"}
{"level":"info","message":"Server is listening on port 3000","timestamp":"2021-06-18T17:13:52.022Z"}
{"level":"info","message":"Server is listening on port 3000","timestamp":"2021-06-18T17:15:18.885Z"}
{"level":"info","message":"Server is listening on port 3000","timestamp":"2021-06-18T17:16:57.181Z"}
{"level":"info","message":"Server is listening on port 3000","timestamp":"2021-06-18T17:17:47.473Z"}
{"level":"info","message":"Server is listening on port 3000","timestamp":"2021-06-18T17:18:29.947Z"}
{"level":"info","message":"Server is listening on port 3000","timestamp":"2021-06-18T17:24:31.357Z"}
{"level":"info","message":"Server is listening on port 3000","timestamp":"2021-06-18T17:34:59.637Z"}
{"level":"info","message":"Server is listening on port 3000","timestamp":"2021-06-18T17:35:27.227Z"}
{"level":"info","message":"Server is listening on port 3000","timestamp":"2021-06-18T17:40:25.577Z"}
{"level":"info","message":"Server is listening on port 3000","timestamp":"2021-06-18T17:42:50.772Z"}
{"level":"info","message":"Server is listening on port 3000","timestamp":"2021-06-18T17:43:17.905Z"}
{"level":"info","message":"Server is listening on port 3000","timestamp":"2021-06-18T17:47:54.952Z"}
{"level":"info","message":"Server is listening on port 3000","timestamp":"2021-06-18T17:49:37.695Z"}
{"level":"info","message":"Server is listening on port 3000","timestamp":"2021-06-18T17:58:20.700Z"}
{"level":"info","message":"Server is listening on port 3000","timestamp":"2021-06-19T04:38:42.064Z"}
{"level":"info","message":"Server is listening on port 3000","timestamp":"2021-06-19T05:47:36.014Z"}
{"level":"info","message":"Server is listening on port 3000","timestamp":"2021-06-19T05:49:35.403Z"}
{"level":"info","message":"Server is listening on port 3000","timestamp":"2021-06-20T07:26:58.094Z"}
{"level":"info","message":"Server is listening on port 3000","timestamp":"2021-06-20T07:30:25.624Z"}
{"level":"info","message":"Server is listening on port 3000","timestamp":"2021-06-20T07:31:45.283Z"}
{"level":"info","message":"Server is listening on port 3000","timestamp":"2021-06-20T07:34:15.965Z"}
{"level":"info","message":"Server is listening on port 3000","timestamp":"2021-06-20T07:35:36.102Z"}
{"level":"info","message":"Server is listening on port 3000","timestamp":"2021-06-20T07:36:14.175Z"}
{"level":"info","message":"Server is listening on port 3000","timestamp":"2021-06-20T07:57:41.577Z"}
{"level":"info","message":"Server is listening on port 3000","timestamp":"2021-06-20T07:59:42.542Z"}
{"level":"info","message":"Server is listening on port 3000","timestamp":"2021-06-20T07:59:56.209Z"}
{"level":"info","message":"Server is listening on port 3000","timestamp":"2021-06-20T08:03:08.818Z"}
{"level":"info","message":"Server is listening on port 3000","timestamp":"2021-06-20T08:03:37.236Z"}
{"level":"info","message":"Server is listening on port 3000","timestamp":"2021-06-20T08:04:46.945Z"}
{"level":"info","message":"Server is listening on port 3000","timestamp":"2021-06-20T08:05:41.240Z"}
{"level":"info","message":"Server is listening on port 3000","timestamp":"2021-06-20T08:06:57.250Z"}
{"level":"info","message":"Server is listening on port 3000","timestamp":"2021-06-20T08:14:49.030Z"}
{"level":"info","message":"Server is listening on port 3000","timestamp":"2021-06-20T08:18:07.178Z"}
{"level":"info","message":"Server is listening on port 3000","timestamp":"2021-06-20T08:20:23.140Z"}
{"level":"info","message":"Server is listening on port 3000","timestamp":"2021-06-20T08:23:28.439Z"}
{"level":"info","message":"Server is listening on port 3000","timestamp":"2021-06-20T08:33:21.034Z"}
{"level":"info","message":"Server is listening on port 3000","timestamp":"2021-06-20T08:34:23.317Z"}
{"level":"info","message":"Server is listening on port 3000","timestamp":"2021-06-20T08:34:51.696Z"}
{"level":"info","message":"Server is listening on port 3000","timestamp":"2021-06-20T08:36:07.264Z"}
{"level":"info","message":"Server is listening on port 3000","timestamp":"2021-06-20T08:39:43.861Z"}
{"level":"info","message":"Server is listening on port 3000","timestamp":"2021-06-20T08:44:48.329Z"}
{"level":"info","message":"Server is listening on port 3000","timestamp":"2021-06-20T08:45:13.781Z"}
{"level":"info","message":"Server is listening on port 3000","timestamp":"2021-06-20T08:45:44.037Z"}
{"level":"info","message":"Server is listening on port 3000","timestamp":"2021-06-20T08:49:04.574Z"}
{"level":"info","message":"Server is listening on port 3000","timestamp":"2021-06-20T08:49:48.859Z"}
{"level":"info","message":"Server is listening on port 3000","timestamp":"2021-06-20T08:50:48.421Z"}
{"level":"info","message":"Server is listening on port 3000","timestamp":"2021-06-20T08:51:30.662Z"}
{"level":"info","message":"Server is listening on port 3000","timestamp":"2021-06-20T08:55:39.594Z"}
{"level":"info","message":"Server is listening on port 3000","timestamp":"2021-06-20T08:56:22.735Z"}
{"level":"info","message":"Server is listening on port 3000","timestamp":"2021-06-20T09:02:24.295Z"}
{"level":"info","message":"Server is listening on port 3000","timestamp":"2021-06-20T09:07:11.488Z"}
{"level":"info","message":"Server is listening on port 3000","timestamp":"2021-06-20T09:07:15.559Z"}
{"level":"info","message":"Server is listening on port 3000","timestamp":"2021-06-20T09:08:06.859Z"}
{"level":"info","message":"Server is listening on port 3000","timestamp":"2021-06-20T09:08:34.903Z"}
{"level":"info","message":"Server is listening on port 3000","timestamp":"2021-06-20T09:10:07.752Z"}
{"level":"info","message":"Server is listening on port 3000","timestamp":"2021-06-20T09:10:37.614Z"}
{"level":"info","message":"Server is listening on port 3000","timestamp":"2021-06-20T09:11:02.223Z"}
{"level":"info","message":"Server is listening on port 3000","timestamp":"2021-06-20T09:11:17.696Z"}
{"level":"info","message":"Server is listening on port 3000","timestamp":"2021-06-20T09:13:21.408Z"}
{"level":"info","message":"Server is listening on port 3000","timestamp":"2021-06-20T09:35:30.924Z"}
{"level":"info","message":"Server is listening on port 3000","timestamp":"2021-06-20T09:37:55.766Z"}
{"level":"info","message":"Server is listening on port 3000","timestamp":"2021-06-20T09:39:19.641Z"}
{"level":"info","message":"Server is listening on port 3000","timestamp":"2021-06-20T09:40:24.094Z"}
{"level":"info","message":"Server is listening on port 3000","timestamp":"2021-06-20T09:42:41.305Z"}
{"level":"info","message":"Server is listening on port 3000","timestamp":"2021-06-20T10:14:28.936Z"}
{"level":"info","message":"Server is listening on port 3000","timestamp":"2021-06-20T10:18:00.566Z"}
{"level":"info","message":"Server is listening on port 3000","timestamp":"2021-06-20T10:19:54.330Z"}
{"level":"info","message":"Server is listening on port 3000","timestamp":"2021-06-20T10:21:45.279Z"}
{"level":"info","message":"Server is listening on port 3000","timestamp":"2021-06-20T10:45:26.360Z"}
{"level":"info","message":"Server is listening on port 3000","timestamp":"2021-06-20T10:46:34.904Z"}
{"level":"info","message":"Server is listening on port 3000","timestamp":"2021-06-20T10:49:02.347Z"}
{"level":"info","message":"Server is listening on port 3000","timestamp":"2021-06-20T10:49:28.168Z"}
{"level":"info","message":"Server is listening on port 3000","timestamp":"2021-06-20T10:50:27.763Z"}
{"level":"info","message":"Server is listening on port 3000","timestamp":"2021-06-20T10:51:10.320Z"}
{"level":"info","message":"Server is listening on port 3000","timestamp":"2021-06-20T10:55:44.462Z"}
{"level":"info","message":"Server is listening on port 3000","timestamp":"2021-06-20T10:56:27.701Z"}
{"level":"info","message":"Server is listening on port 3000","timestamp":"2021-06-20T11:02:19.288Z"}
{"level":"info","message":"Server is listening on port 3000","timestamp":"2021-06-20T11:05:49.313Z"}
{"level":"info","message":"Server is listening on port 3000","timestamp":"2021-06-20T11:06:34.481Z"}
{"level":"info","message":"Server is listening on port 3000","timestamp":"2021-06-20T11:35:18.593Z"}
{"level":"info","message":"Server is listening on port 3000","timestamp":"2021-06-20T11:39:21.980Z"}
{"level":"info","message":"Server is listening on port 3000","timestamp":"2021-06-20T11:42:55.746Z"}
{"level":"info","message":"Server is listening on port 3000","timestamp":"2021-06-20T11:48:53.034Z"}
{"level":"info","message":"Server is listening on port 3000","timestamp":"2021-06-20T11:50:06.814Z"}
{"level":"info","message":"Server is listening on port 3000","timestamp":"2021-06-20T12:13:00.713Z"}
{"level":"info","message":"Server is listening on port 3000","timestamp":"2021-06-20T12:13:42.620Z"}
{"level":"info","message":"Server is listening on port 3000","timestamp":"2021-06-20T12:16:30.110Z"}
{"level":"info","message":"Server is listening on port 3000","timestamp":"2021-06-20T12:17:19.216Z"}
{"level":"info","message":"Server is listening on port 3000","timestamp":"2021-06-20T12:19:21.659Z"}
{"level":"info","message":"Server is listening on port 3000","timestamp":"2021-06-20T12:29:19.351Z"}
{"level":"info","message":"Server is listening on port 3000","timestamp":"2021-06-20T12:31:40.256Z"}
{"level":"info","message":"Server is listening on port 3000","timestamp":"2021-06-20T12:33:52.667Z"}
{"level":"info","message":"Server is listening on port 3000","timestamp":"2021-06-20T12:36:32.266Z"}
{"level":"info","message":"Server is listening on port 3000","timestamp":"2021-06-20T12:39:10.486Z"}
{"level":"info","message":"Server is listening on port 3000","timestamp":"2021-06-20T12:40:27.488Z"}
{"level":"info","message":"Server is listening on port 3000","timestamp":"2021-06-20T12:41:58.145Z"}
{"level":"info","message":"Server is listening on port 3000","timestamp":"2021-06-20T12:42:59.747Z"}
{"level":"info","message":"Server is listening on port 3000","timestamp":"2021-06-20T12:46:24.357Z"}
{"level":"info","message":"Server is listening on port 3000","timestamp":"2021-06-20T12:47:29.746Z"}
{"level":"info","message":"Server is listening on port 3000","timestamp":"2021-06-20T12:48:29.462Z"}
{"level":"info","message":"Server is listening on port 3000","timestamp":"2021-06-20T12:49:02.339Z"}
{"level":"info","message":"Server is listening on port 3000","timestamp":"2021-06-20T12:54:00.946Z"}
{"level":"info","message":"Server is listening on port 3000","timestamp":"2021-06-20T12:54:03.879Z"}
{"level":"info","message":"Server is listening on port 3000","timestamp":"2021-06-20T12:54:49.270Z"}
{"level":"info","message":"Server is listening on port 3000","timestamp":"2021-06-20T12:55:30.893Z"}
{"level":"info","message":"Server is listening on port 3000","timestamp":"2021-06-20T13:02:08.310Z"}
{"level":"info","message":"Server is listening on port 3000","timestamp":"2021-06-20T13:03:51.640Z"}
{"level":"info","message":"Server is listening on port 3000","timestamp":"2021-06-20T13:05:09.526Z"}
{"level":"info","message":"Server is listening on port 3000","timestamp":"2021-06-20T13:05:28.838Z"}
{"level":"info","message":"Server is listening on port 3000","timestamp":"2021-06-20T13:05:41.200Z"}
{"level":"info","message":"Server is listening on port 3000","timestamp":"2021-06-20T13:05:53.676Z"}
{"level":"info","message":"Server is listening on port 3000","timestamp":"2021-06-20T13:06:01.469Z"}
{"level":"info","message":"Server is listening on port 3000","timestamp":"2021-06-20T13:07:00.045Z"}
{"level":"info","message":"Server is listening on port 3000","timestamp":"2021-06-20T13:09:02.621Z"}
{"level":"info","message":"Server is listening on port 3000","timestamp":"2021-06-20T13:09:43.212Z"}
{"level":"info","message":"Server is listening on port 3000","timestamp":"2021-06-20T13:12:33.863Z"}
{"level":"info","message":"Server is listening on port 3000","timestamp":"2021-06-20T13:14:31.601Z"}
{"level":"info","message":"Server is listening on port 3000","timestamp":"2021-06-20T13:15:53.665Z"}
{"level":"info","message":"Server is listening on port 3000","timestamp":"2021-06-20T13:20:26.755Z"}
{"level":"info","message":"Server is listening on port 3000","timestamp":"2021-06-20T13:28:33.541Z"}
{"level":"info","message":"Server is listening on port 3000","timestamp":"2021-06-20T13:38:30.006Z"}
{"level":"info","message":"Server is listening on port 3000","timestamp":"2021-06-20T13:38:52.495Z"}
{"level":"info","message":"Server is listening on port 3000","timestamp":"2021-06-20T13:47:22.682Z"}
{"level":"info","message":"Server is listening on port 3000","timestamp":"2021-06-20T13:49:26.257Z"}
{"level":"info","message":"Server is listening on port 3000","timestamp":"2021-06-20T13:50:42.451Z"}
{"level":"info","message":"Server is listening on port 3000","timestamp":"2021-06-20T13:57:53.494Z"}
{"level":"info","message":"Server is listening on port 3000","timestamp":"2021-06-21T03:56:51.446Z"}
{"level":"info","message":"Server is listening on port 3000","timestamp":"2021-06-21T04:01:47.277Z"}
{"level":"info","message":"Server is listening on port 3000","timestamp":"2021-06-21T04:02:34.641Z"}
{"level":"info","message":"Server is listening on port 3000","timestamp":"2021-06-21T04:03:29.619Z"}
{"level":"info","message":"Server is listening on port 3000","timestamp":"2021-06-21T04:05:00.435Z"}
{"level":"info","message":"Server is listening on port 3000","timestamp":"2021-06-21T04:09:27.300Z"}
{"level":"info","message":"Server is listening on port 3000","timestamp":"2021-06-21T04:09:46.857Z"}
{"level":"info","message":"Server is listening on port 3000","timestamp":"2021-06-21T04:10:07.535Z"}
{"level":"info","message":"Server is listening on port 3000","timestamp":"2021-06-21T04:11:47.256Z"}
{"level":"info","message":"Server is listening on port 3000","timestamp":"2021-06-21T04:14:15.948Z"}
{"level":"info","message":"Server is listening on port 3000","timestamp":"2021-06-21T04:15:34.307Z"}
{"level":"info","message":"Server is listening on port 3000","timestamp":"2021-06-21T04:16:02.815Z"}
{"level":"info","message":"Server is listening on port 3000","timestamp":"2021-06-21T04:16:28.072Z"}
{"level":"info","message":"Server is listening on port 3000","timestamp":"2021-06-21T04:17:50.439Z"}
{"level":"info","message":"Server is listening on port 3000","timestamp":"2021-06-21T04:18:59.593Z"}
{"level":"info","message":"Server is listening on port 3000","timestamp":"2021-06-21T04:19:41.712Z"}
{"level":"info","message":"Server is listening on port 3000","timestamp":"2021-06-21T08:33:01.050Z"}
{"level":"info","message":"Server is listening on port 3000","timestamp":"2021-06-21T08:34:28.570Z"}
{"level":"info","message":"Server is listening on port 3000","timestamp":"2021-06-21T08:34:55.968Z"}
{"level":"info","message":"Server is listening on port 3000","timestamp":"2021-06-21T08:42:56.680Z"}
{"level":"info","message":"Server is listening on port 3000","timestamp":"2021-06-21T08:50:36.412Z"}
{"level":"info","message":"Server is listening on port 3000","timestamp":"2021-06-21T08:53:56.596Z"}
{"level":"info","message":"Server is listening on port 3000","timestamp":"2021-06-21T08:55:16.571Z"}
{"level":"info","message":"Server is listening on port 3000","timestamp":"2021-06-21T09:03:39.569Z"}
{"level":"info","message":"Server is listening on port 3000","timestamp":"2021-06-21T09:03:45.658Z"}
{"level":"info","message":"Server is listening on port 3000","timestamp":"2021-06-21T09:04:51.169Z"}
{"level":"info","message":"Server is listening on port 3000","timestamp":"2021-06-21T09:05:49.329Z"}
{"level":"info","message":"Server is listening on port 3000","timestamp":"2021-06-21T09:06:30.418Z"}
{"level":"info","message":"Server is listening on port 3000","timestamp":"2021-06-21T09:11:39.411Z"}
{"level":"info","message":"Server is listening on port 3000","timestamp":"2021-06-21T09:11:48.986Z"}
{"level":"info","message":"Server is listening on port 3000","timestamp":"2021-06-21T09:12:04.011Z"}
{"level":"info","message":"Server is listening on port 3000","timestamp":"2021-06-21T09:19:23.196Z"}
{"level":"info","message":"Server is listening on port 3000","timestamp":"2021-06-21T09:20:20.221Z"}
{"level":"info","message":"Server is listening on port 3000","timestamp":"2021-06-21T09:22:46.173Z"}
{"level":"info","message":"Server is listening on port 3000","timestamp":"2021-06-21T09:24:25.949Z"}
{"level":"info","message":"Server is listening on port 3000","timestamp":"2021-06-21T09:25:29.669Z"}
{"level":"info","message":"Server is listening on port 3000","timestamp":"2021-06-21T09:26:18.438Z"}
{"level":"info","message":"Server is listening on port 3000","timestamp":"2021-06-21T09:27:51.360Z"}
{"level":"info","message":"Server is listening on port 3000","timestamp":"2021-06-21T09:35:10.001Z"}
{"level":"info","message":"Server is listening on port 3000","timestamp":"2021-06-21T09:38:37.236Z"}
{"level":"info","message":"Server is listening on port 3000","timestamp":"2021-06-21T09:40:20.593Z"}
{"level":"info","message":"Server is listening on port 3000","timestamp":"2021-06-21T09:41:10.262Z"}
{"level":"info","message":"Server is listening on port 3000","timestamp":"2021-06-21T13:03:56.739Z"}
{"level":"info","message":"Server is listening on port 3000","timestamp":"2021-06-21T13:04:12.085Z"}
{"level":"info","message":"Server is listening on port 3000","timestamp":"2021-06-21T13:04:35.945Z"}
{"level":"info","message":"Server is listening on port 3000","timestamp":"2021-06-22T05:01:32.768Z"}
{"accepted":["www.gautam971997@gmail.com"],"rejected":[],"envelopeTime":955,"messageTime":1236,"messageSize":846,"response":"250 2.0.0 OK  1624338160 s11sm4679874pfh.104 - gsmtp","envelope":{"from":"www.gautam971997@gmail.com","to":["www.gautam971997@gmail.com"]},"messageId":"<76f0619f-c54e-23fb-92e5-fefb3f991878@gmail.com>","level":"info","timestamp":"2021-06-22T05:02:40.545Z"}
{"level":"info","message":"Server is listening on port 3000","timestamp":"2021-06-22T09:49:35.283Z"}
{"level":"info","message":"Server is listening on port 3000","timestamp":"2021-06-22T09:57:34.564Z"}
{"level":"info","message":"Server is listening on port 3000","timestamp":"2021-06-22T09:58:52.235Z"}
{"level":"info","message":"Server is listening on port 3000","timestamp":"2021-06-22T10:06:03.632Z"}
{"level":"info","message":"Server is listening on port 3000","timestamp":"2021-06-22T10:11:19.036Z"}
{"level":"info","message":"Server is listening on port 3000","timestamp":"2021-06-22T10:14:26.435Z"}
{"level":"info","message":"Server is listening on port 3000","timestamp":"2021-06-23T13:32:57.226Z"}
{"level":"info","message":"Server is listening on port 3000","timestamp":"2021-06-23T13:34:03.134Z"}
{"level":"info","message":"Server is listening on port 3000","timestamp":"2021-06-23T13:35:07.586Z"}
{"level":"info","message":"Server is listening on port 3000","timestamp":"2021-06-24T04:15:54.040Z"}
{"level":"info","message":"Server is listening on port 3000","timestamp":"2021-06-24T04:33:34.533Z"}
{"level":"info","message":"Server is listening on port 3000","timestamp":"2021-06-24T10:00:32.121Z"}
{"level":"info","message":"Server is listening on port 3000","timestamp":"2021-06-24T10:09:44.376Z"}
{"level":"info","message":"Server is listening on port 3000","timestamp":"2021-06-24T10:11:25.364Z"}
{"level":"info","message":"Server is listening on port 3000","timestamp":"2021-06-24T10:11:49.430Z"}
{"level":"info","message":"Server is listening on port 3000","timestamp":"2021-06-24T10:13:47.400Z"}
{"level":"info","message":"Server is listening on port 3000","timestamp":"2021-06-24T10:32:28.797Z"}
{"level":"info","message":"Server is listening on port 3000","timestamp":"2021-06-24T10:32:47.653Z"}
{"level":"info","message":"Server is listening on port 3000","timestamp":"2021-06-24T10:33:28.395Z"}
{"level":"info","message":"Server is listening on port 3000","timestamp":"2021-06-24T10:33:43.435Z"}
{"level":"info","message":"Server is listening on port 3000","timestamp":"2021-06-24T10:47:46.231Z"}
{"level":"info","message":"Server is listening on port 3000","timestamp":"2021-06-24T10:48:52.876Z"}
{"level":"info","message":"Server is listening on port 3000","timestamp":"2021-06-24T10:54:52.940Z"}
{"level":"info","message":"Server is listening on port 3000","timestamp":"2021-06-24T10:56:08.967Z"}
{"level":"info","message":"Server is listening on port 3000","timestamp":"2021-06-24T10:57:20.448Z"}
{"level":"info","message":"Server is listening on port 3000","timestamp":"2021-06-24T10:58:34.785Z"}
{"level":"info","message":"Server is listening on port 3000","timestamp":"2021-06-24T10:59:22.517Z"}
{"level":"info","message":"Server is listening on port 3000","timestamp":"2021-06-24T11:00:28.280Z"}
{"level":"info","message":"Server is listening on port 3000","timestamp":"2021-06-24T11:01:51.549Z"}
{"accepted":["www.gautam971997@gmail.com"],"rejected":[],"envelopeTime":1152,"messageTime":1264,"messageSize":846,"response":"250 2.0.0 OK  1624543284 k1sm2921462pfa.30 - gsmtp","envelope":{"from":"www.gautam971997@gmail.com","to":["www.gautam971997@gmail.com"]},"messageId":"<a8c651ca-64af-c570-e15d-51bf5679987c@gmail.com>","level":"info","timestamp":"2021-06-24T14:01:24.138Z"}
{"level":"info","message":"Server is listening on port 3000","timestamp":"2021-06-24T14:04:52.878Z"}
{"accepted":["www.gautam971997@gmail.com"],"rejected":[],"envelopeTime":1444,"messageTime":2162,"messageSize":846,"response":"250 2.0.0 OK  1624544774 h8sm3098586pfn.0 - gsmtp","envelope":{"from":"www.gautam971997@gmail.com","to":["www.gautam971997@gmail.com"]},"messageId":"<7b906998-a1df-54c4-6657-2880c245c3f4@gmail.com>","level":"info","timestamp":"2021-06-24T14:26:15.538Z"}
{"level":"info","message":"Server is listening on port 3000","timestamp":"2021-06-24T14:28:57.024Z"}
{"level":"info","message":"Server is listening on port 3000","timestamp":"2021-06-24T14:29:45.066Z"}
{"level":"info","message":"Server is listening on port 3000","timestamp":"2021-06-24T14:30:23.256Z"}
{"level":"info","message":"Server is listening on port 3000","timestamp":"2021-06-25T03:31:56.002Z"}
{"accepted":["www.gautam971997@gmail.com"],"rejected":[],"envelopeTime":977,"messageTime":1043,"messageSize":846,"response":"250 2.0.0 OK  1624597930 b65sm4369878pfa.32 - gsmtp","envelope":{"from":"www.gautam971997@gmail.com","to":["www.gautam971997@gmail.com"]},"messageId":"<be88c116-dcbc-a2d6-8d2f-f0dda4440844@gmail.com>","level":"info","timestamp":"2021-06-25T05:12:09.405Z"}
{"level":"info","message":"Server is listening on port 3000","timestamp":"2021-06-25T11:50:36.527Z"}
{"level":"info","message":"Server is listening on port 3000","timestamp":"2021-06-25T14:21:59.009Z"}
{"level":"info","message":"Server is listening on port 3000","timestamp":"2021-06-25T14:25:51.560Z"}
{"level":"info","message":"Server is listening on port 3000","timestamp":"2021-06-25T14:26:10.621Z"}
{"level":"info","message":"Server is listening on port 3000","timestamp":"2021-06-25T14:31:53.135Z"}
{"level":"info","message":"Server is listening on port 3000","timestamp":"2021-06-25T14:34:34.240Z"}
{"level":"info","message":"Server is listening on port 3000","timestamp":"2021-06-25T14:37:03.127Z"}
{"level":"info","message":"Server is listening on port 3000","timestamp":"2021-06-25T15:42:56.359Z"}
{"level":"info","message":"Server is listening on port 3000","timestamp":"2021-06-26T04:06:07.029Z"}
